This is pdfTeX, Version 3.141592653-2.6-1.40.22 (TeX Live 2022/dev/Debian) (preloaded format=pdflatex 2023.12.25)  2 JAN 2024 19:06
entering extended mode
 restricted \write18 enabled.
 file:line:error style messages enabled.
 %&-line parsing enabled.
**/home/mendes/Desktop/SIO/Resumos2/Resumos.tex
(/home/mendes/Desktop/SIO/Resumos2/Resumos.tex
LaTeX2e <2021-11-15> patch level 1
L3 programming layer <2022-01-21> (/usr/share/texlive/texmf-dist/tex/latex/base/article.cls
Document Class: article 2021/10/04 v1.4n Standard LaTeX document class
(/usr/share/texlive/texmf-dist/tex/latex/base/size10.clo
File: size10.clo 2021/10/04 v1.4n Standard LaTeX file (size option)
)
\c@part=\count185
\c@section=\count186
\c@subsection=\count187
\c@subsubsection=\count188
\c@paragraph=\count189
\c@subparagraph=\count190
\c@figure=\count191
\c@table=\count192
\abovecaptionskip=\skip47
\belowcaptionskip=\skip48
\bibindent=\dimen138
) (/usr/share/texlive/texmf-dist/tex/latex/base/inputenc.sty
Package: inputenc 2021/02/14 v1.3d Input encoding file
\inpenc@prehook=\toks16
\inpenc@posthook=\toks17
) (/usr/share/texlive/texmf-dist/tex/latex/tools/indentfirst.sty
Package: indentfirst 1995/11/23 v1.03 Indent first paragraph (DPC)
) (/usr/share/texlive/texmf-dist/tex/latex/titling/titling.sty
Package: titling 2009/09/04 v2.1d maketitle typesetting
\thanksmarkwidth=\skip49
\thanksmargin=\skip50
\droptitle=\skip51
) (/usr/share/texlive/texmf-dist/tex/latex/geometry/geometry.sty
Package: geometry 2020/01/02 v5.9 Page Geometry
 (/usr/share/texlive/texmf-dist/tex/latex/graphics/keyval.sty
Package: keyval 2014/10/28 v1.15 key=value parser (DPC)
\KV@toks@=\toks18
) (/usr/share/texlive/texmf-dist/tex/generic/iftex/ifvtex.sty
Package: ifvtex 2019/10/25 v1.7 ifvtex legacy package. Use iftex instead.
 (/usr/share/texlive/texmf-dist/tex/generic/iftex/iftex.sty
Package: iftex 2020/03/06 v1.0d TeX engine tests
))
\Gm@cnth=\count193
\Gm@cntv=\count194
\c@Gm@tempcnt=\count195
\Gm@bindingoffset=\dimen139
\Gm@wd@mp=\dimen140
\Gm@odd@mp=\dimen141
\Gm@even@mp=\dimen142
\Gm@layoutwidth=\dimen143
\Gm@layoutheight=\dimen144
\Gm@layouthoffset=\dimen145
\Gm@layoutvoffset=\dimen146
\Gm@dimlist=\toks19
) (/usr/share/texlive/texmf-dist/tex/latex/graphics/graphicx.sty
Package: graphicx 2021/09/16 v1.2d Enhanced LaTeX Graphics (DPC,SPQR)
 (/usr/share/texlive/texmf-dist/tex/latex/graphics/graphics.sty
Package: graphics 2021/03/04 v1.4d Standard LaTeX Graphics (DPC,SPQR)
 (/usr/share/texlive/texmf-dist/tex/latex/graphics/trig.sty
Package: trig 2021/08/11 v1.11 sin cos tan (DPC)
) (/usr/share/texlive/texmf-dist/tex/latex/graphics-cfg/graphics.cfg
File: graphics.cfg 2016/06/04 v1.11 sample graphics configuration
)
Package graphics Info: Driver file: pdftex.def on input line 107.
 (/usr/share/texlive/texmf-dist/tex/latex/graphics-def/pdftex.def
File: pdftex.def 2020/10/05 v1.2a Graphics/color driver for pdftex
))
\Gin@req@height=\dimen147
\Gin@req@width=\dimen148
) (/usr/share/texlive/texmf-dist/tex/latex/enumitem/enumitem.sty
Package: enumitem 2019/06/20 v3.9 Customized lists
\labelindent=\skip52
\enit@outerparindent=\dimen149
\enit@toks=\toks20
\enit@inbox=\box50
\enit@count@id=\count196
\enitdp@description=\count197
) (/usr/share/texlive/texmf-dist/tex/latex/fancyhdr/fancyhdr.sty
Package: fancyhdr 2021/01/28 v4.0.1 Extensive control of page headers and footers
\f@nch@headwidth=\skip53
\f@nch@O@elh=\skip54
\f@nch@O@erh=\skip55
\f@nch@O@olh=\skip56
\f@nch@O@orh=\skip57
\f@nch@O@elf=\skip58
\f@nch@O@erf=\skip59
\f@nch@O@olf=\skip60
\f@nch@O@orf=\skip61
) (/usr/share/texlive/texmf-dist/tex/generic/ulem/ulem.sty
\UL@box=\box51
\UL@hyphenbox=\box52
\UL@skip=\skip62
\UL@hook=\toks21
\UL@height=\dimen150
\UL@pe=\count198
\UL@pixel=\dimen151
\ULC@box=\box53
Package: ulem 2019/11/18
\ULdepth=\dimen152
) (/usr/share/texlive/texmf-dist/tex/latex/xcolor/xcolor.sty
Package: xcolor 2021/10/31 v2.13 LaTeX color extensions (UK)
 (/usr/share/texlive/texmf-dist/tex/latex/graphics-cfg/color.cfg
File: color.cfg 2016/01/02 v1.6 sample color configuration
)
Package xcolor Info: Driver file: pdftex.def on input line 227.
Package xcolor Info: Model `cmy' substituted by `cmy0' on input line 1352.
Package xcolor Info: Model `hsb' substituted by `rgb' on input line 1356.
Package xcolor Info: Model `RGB' extended on input line 1368.
Package xcolor Info: Model `HTML' substituted by `rgb' on input line 1370.
Package xcolor Info: Model `Hsb' substituted by `hsb' on input line 1371.
Package xcolor Info: Model `tHsb' substituted by `hsb' on input line 1372.
Package xcolor Info: Model `HSB' substituted by `hsb' on input line 1373.
Package xcolor Info: Model `Gray' substituted by `gray' on input line 1374.
Package xcolor Info: Model `wave' substituted by `hsb' on input line 1375.
 (/usr/share/texlive/texmf-dist/tex/latex/graphics/dvipsnam.def
File: dvipsnam.def 2016/06/17 v3.0m Driver-dependent file (DPC,SPQR)
)) (/usr/share/texlive/texmf-dist/tex/latex/amsfonts/amssymb.sty
Package: amssymb 2013/01/14 v3.01 AMS font symbols
 (/usr/share/texlive/texmf-dist/tex/latex/amsfonts/amsfonts.sty
Package: amsfonts 2013/01/14 v3.01 Basic AMSFonts support
\@emptytoks=\toks22
\symAMSa=\mathgroup4
\symAMSb=\mathgroup5
LaTeX Font Info:    Redeclaring math symbol \hbar on input line 98.
LaTeX Font Info:    Overwriting math alphabet `\mathfrak' in version `bold'
(Font)                  U/euf/m/n --> U/euf/b/n on input line 106.
)) (/usr/share/texlive/texmf-dist/tex/latex/listings/listings.sty
\lst@mode=\count199
\lst@gtempboxa=\box54
\lst@token=\toks23
\lst@length=\count266
\lst@currlwidth=\dimen153
\lst@column=\count267
\lst@pos=\count268
\lst@lostspace=\dimen154
\lst@width=\dimen155
\lst@newlines=\count269
\lst@lineno=\count270
\lst@maxwidth=\dimen156
 (/usr/share/texlive/texmf-dist/tex/latex/listings/lstmisc.sty
File: lstmisc.sty 2020/03/24 1.8d (Carsten Heinz)
\c@lstnumber=\count271
\lst@skipnumbers=\count272
\lst@framebox=\box55
) (/usr/share/texlive/texmf-dist/tex/latex/listings/listings.cfg
File: listings.cfg 2020/03/24 1.8d listings configuration
))
Package: listings 2020/03/24 1.8d (Carsten Heinz)
 (/usr/share/texlive/texmf-dist/tex/latex/listings/lstlang1.sty
File: lstlang1.sty 2020/03/24 1.8d listings language file
) (/usr/share/texlive/texmf-dist/tex/latex/l3backend/l3backend-pdftex.def
File: l3backend-pdftex.def 2022-01-12 L3 backend support: PDF output (pdfTeX)
\l__color_backend_stack_int=\count273
\l__pdf_internal_box=\box56
) (./Resumos.aux)
\openout1 = `Resumos.aux'.

LaTeX Font Info:    Checking defaults for OML/cmm/m/it on input line 62.
LaTeX Font Info:    ... okay on input line 62.
LaTeX Font Info:    Checking defaults for OMS/cmsy/m/n on input line 62.
LaTeX Font Info:    ... okay on input line 62.
LaTeX Font Info:    Checking defaults for OT1/cmr/m/n on input line 62.
LaTeX Font Info:    ... okay on input line 62.
LaTeX Font Info:    Checking defaults for T1/cmr/m/n on input line 62.
LaTeX Font Info:    ... okay on input line 62.
LaTeX Font Info:    Checking defaults for TS1/cmr/m/n on input line 62.
LaTeX Font Info:    ... okay on input line 62.
LaTeX Font Info:    Checking defaults for OMX/cmex/m/n on input line 62.
LaTeX Font Info:    ... okay on input line 62.
LaTeX Font Info:    Checking defaults for U/cmr/m/n on input line 62.
LaTeX Font Info:    ... okay on input line 62.

*geometry* driver: auto-detecting
*geometry* detected driver: pdftex
*geometry* verbose mode - [ preamble ] result:
* driver: pdftex
* paper: a4paper
* layout: <same size as paper>
* layoutoffset:(h,v)=(0.0pt,0.0pt)
* modes: 
* h-part:(L,W,R)=(89.62709pt, 418.25368pt, 89.6271pt)
* v-part:(T,H,B)=(156.49014pt, 560.5193pt, 128.0374pt)
* \paperwidth=597.50787pt
* \paperheight=845.04684pt
* \textwidth=418.25368pt
* \textheight=560.5193pt
* \oddsidemargin=17.3571pt
* \evensidemargin=17.3571pt
* \topmargin=-54.59087pt
* \headheight=113.81102pt
* \headsep=25.0pt
* \topskip=10.0pt
* \footskip=113.81102pt
* \marginparwidth=65.0pt
* \marginparsep=11.0pt
* \columnsep=10.0pt
* \skip\footins=9.0pt plus 4.0pt minus 2.0pt
* \hoffset=0.0pt
* \voffset=0.0pt
* \mag=1000
* \@twocolumnfalse
* \@twosidefalse
* \@mparswitchfalse
* \@reversemarginfalse
* (1in=72.27pt=25.4mm, 1cm=28.453pt)

(/usr/share/texlive/texmf-dist/tex/context/base/mkii/supp-pdf.mkii
[Loading MPS to PDF converter (version 2006.09.02).]
\scratchcounter=\count274
\scratchdimen=\dimen157
\scratchbox=\box57
\nofMPsegments=\count275
\nofMParguments=\count276
\everyMPshowfont=\toks24
\MPscratchCnt=\count277
\MPscratchDim=\dimen158
\MPnumerator=\count278
\makeMPintoPDFobject=\count279
\everyMPtoPDFconversion=\toks25
) (/usr/share/texlive/texmf-dist/tex/latex/epstopdf-pkg/epstopdf-base.sty
Package: epstopdf-base 2020-01-24 v2.11 Base part for package epstopdf
Package epstopdf-base Info: Redefining graphics rule for `.eps' on input line 485.
 (/usr/share/texlive/texmf-dist/tex/latex/latexconfig/epstopdf-sys.cfg
File: epstopdf-sys.cfg 2010/07/13 v1.3 Configuration of (r)epstopdf for TeX Live
))
\c@lstlisting=\count280
LaTeX Font Info:    Trying to load font information for U+msa on input line 66.
 (/usr/share/texlive/texmf-dist/tex/latex/amsfonts/umsa.fd
File: umsa.fd 2013/01/14 v3.01 AMS symbols A
)
LaTeX Font Info:    Trying to load font information for U+msb on input line 66.
 (/usr/share/texlive/texmf-dist/tex/latex/amsfonts/umsb.fd
File: umsb.fd 2013/01/14 v3.01 AMS symbols B
)
<UA.png, id=1, 368.37625pt x 137.51375pt>
File: UA.png Graphic file (type png)
<use UA.png>
Package pdftex.def Info: UA.png  used on input line 68.
(pdftex.def)             Requested size: 147.34789pt x 55.00452pt.
 [1

{/var/lib/texmf/fonts/map/pdftex/updmap/pdftex.map} <./UA.png>]
<./Images//1.png, id=10, 447.6725pt x 260.975pt>
File: ./Images//1.png Graphic file (type png)
<use ./Images//1.png>
Package pdftex.def Info: ./Images//1.png  used on input line 102.
(pdftex.def)             Requested size: 268.60556pt x 156.5862pt.
<UA.jpg, id=12, 903.375pt x 903.375pt>
File: UA.jpg Graphic file (type jpg)
<use UA.jpg>
Package pdftex.def Info: UA.jpg  used on input line 124.
(pdftex.def)             Requested size: 9.02876pt x 9.02876pt.
 [1 <./Images//1.png> <./UA.jpg>]
<./Images//2.png, id=25, 471.7625pt x 117.43875pt>
File: ./Images//2.png Graphic file (type png)
<use ./Images//2.png>
Package pdftex.def Info: ./Images//2.png  used on input line 126.
(pdftex.def)             Requested size: 283.05968pt x 70.46378pt.
File: UA.jpg Graphic file (type jpg)
<use UA.jpg>
Package pdftex.def Info: UA.jpg  used on input line 178.
(pdftex.def)             Requested size: 9.02876pt x 9.02876pt.
 [2 <./Images//2.png>]
<./Images//3.png, id=30, 114.4275pt x 57.21375pt>
File: ./Images//3.png Graphic file (type png)
<use ./Images//3.png>
Package pdftex.def Info: ./Images//3.png  used on input line 205.
(pdftex.def)             Requested size: 68.65701pt x 34.32849pt.
File: UA.jpg Graphic file (type jpg)
<use UA.jpg>
Package pdftex.def Info: UA.jpg  used on input line 228.
(pdftex.def)             Requested size: 9.02876pt x 9.02876pt.
 [3 <./Images//3.png>]
<./Images//4.png, id=35, 388.45125pt x 272.01625pt>
File: ./Images//4.png Graphic file (type png)
<use ./Images//4.png>
Package pdftex.def Info: ./Images//4.png  used on input line 232.
(pdftex.def)             Requested size: 233.07254pt x 163.211pt.
<./Images//5.png, id=36, 769.87625pt x 376.40625pt>
File: ./Images//5.png Graphic file (type png)
<use ./Images//5.png>
Package pdftex.def Info: ./Images//5.png  used on input line 279.
(pdftex.def)             Requested size: 307.94504pt x 150.55983pt.
File: UA.jpg Graphic file (type jpg)
<use UA.jpg>
Package pdftex.def Info: UA.jpg  used on input line 280.
(pdftex.def)             Requested size: 9.02876pt x 9.02876pt.
 [4 <./Images//4.png>]
<./Images//6.png, id=41, 830.10126pt x 450.68375pt>
File: ./Images//6.png Graphic file (type png)
<use ./Images//6.png>
Package pdftex.def Info: ./Images//6.png  used on input line 285.
(pdftex.def)             Requested size: 249.0323pt x 135.20616pt.
<./Images//7.png, id=42, 852.18375pt x 450.68375pt>
File: ./Images//7.png Graphic file (type png)
<use ./Images//7.png>
Package pdftex.def Info: ./Images//7.png  used on input line 291.
(pdftex.def)             Requested size: 255.65709pt x 135.20616pt.
File: UA.jpg Graphic file (type jpg)
<use UA.jpg>
Package pdftex.def Info: UA.jpg  used on input line 295.
(pdftex.def)             Requested size: 9.02876pt x 9.02876pt.
 [5 <./Images//5.png> <./Images//6.png> <./Images//7.png>]
<./Images//9.png, id=49, 483.8075pt x 127.47626pt>
File: ./Images//9.png Graphic file (type png)
<use ./Images//9.png>
Package pdftex.def Info: ./Images//9.png  used on input line 309.
(pdftex.def)             Requested size: 241.90315pt x 63.73796pt.
<./Images//8.png, id=50, 829.0975pt x 456.70625pt>
File: ./Images//8.png Graphic file (type png)
<use ./Images//8.png>
Package pdftex.def Info: ./Images//8.png  used on input line 316.
(pdftex.def)             Requested size: 331.63313pt x 182.67926pt.
File: UA.jpg Graphic file (type jpg)
<use UA.jpg>
Package pdftex.def Info: UA.jpg  used on input line 325.
(pdftex.def)             Requested size: 9.02876pt x 9.02876pt.
 [6 <./Images//9.png> <./Images//8.png>]
<./Images//10.png, id=57, 833.1125pt x 433.62pt>
File: ./Images//10.png Graphic file (type png)
<use ./Images//10.png>
Package pdftex.def Info: ./Images//10.png  used on input line 366.
(pdftex.def)             Requested size: 333.23909pt x 173.44492pt.
File: UA.jpg Graphic file (type jpg)
<use UA.jpg>
Package pdftex.def Info: UA.jpg  used on input line 370.
(pdftex.def)             Requested size: 9.02876pt x 9.02876pt.
 [7 <./Images//10.png>]
<./Images//11.png, id=62, 576.1525pt x 248.93pt>
File: ./Images//11.png Graphic file (type png)
<use ./Images//11.png>
Package pdftex.def Info: ./Images//11.png  used on input line 398.
(pdftex.def)             Requested size: 230.45691pt x 99.57022pt.
<./Images//12.png, id=63, 574.145pt x 466.74374pt>
File: ./Images//12.png Graphic file (type png)
<use ./Images//12.png>
Package pdftex.def Info: ./Images//12.png  used on input line 404.
(pdftex.def)             Requested size: 287.0718pt x 233.37129pt.
File: UA.jpg Graphic file (type jpg)
<use UA.jpg>
Package pdftex.def Info: UA.jpg  used on input line 408.
(pdftex.def)             Requested size: 9.02876pt x 9.02876pt.
 [8 <./Images//11.png> <./Images//12.png>]
<./Images//13.png, id=69, 835.12pt x 686.565pt>
File: ./Images//13.png Graphic file (type png)
<use ./Images//13.png>
Package pdftex.def Info: ./Images//13.png  used on input line 412.
(pdftex.def)             Requested size: 417.55898pt x 343.28166pt.
File: UA.jpg Graphic file (type jpg)
<use UA.jpg>
Package pdftex.def Info: UA.jpg  used on input line 416.
(pdftex.def)             Requested size: 9.02876pt x 9.02876pt.
 [9 <./Images//13.png>]
File: UA.jpg Graphic file (type jpg)
<use UA.jpg>
Package pdftex.def Info: UA.jpg  used on input line 485.
(pdftex.def)             Requested size: 9.02876pt x 9.02876pt.
 [10]
<./Images//14.png, id=77, 908.39375pt x 582.175pt>
File: ./Images//14.png Graphic file (type png)
<use ./Images//14.png>
Package pdftex.def Info: ./Images//14.png  used on input line 511.
(pdftex.def)             Requested size: 272.52023pt x 174.65384pt.
File: UA.jpg Graphic file (type jpg)
<use UA.jpg>
Package pdftex.def Info: UA.jpg  used on input line 515.
(pdftex.def)             Requested size: 9.02876pt x 9.02876pt.
 [11 <./Images//14.png>]
<./Images//15.png, id=82, 546.04pt x 719.68875pt>
File: ./Images//15.png Graphic file (type png)
<use ./Images//15.png>
Package pdftex.def Info: ./Images//15.png  used on input line 538.
(pdftex.def)             Requested size: 163.81326pt x 215.9083pt.
File: UA.jpg Graphic file (type jpg)
<use UA.jpg>
Package pdftex.def Info: UA.jpg  used on input line 542.
(pdftex.def)             Requested size: 9.02876pt x 9.02876pt.
 [12 <./Images//15.png>]
File: UA.jpg Graphic file (type jpg)
<use UA.jpg>
Package pdftex.def Info: UA.jpg  used on input line 607.
(pdftex.def)             Requested size: 9.02876pt x 9.02876pt.
 [13]
File: UA.jpg Graphic file (type jpg)
<use UA.jpg>
Package pdftex.def Info: UA.jpg  used on input line 676.
(pdftex.def)             Requested size: 9.02876pt x 9.02876pt.
 [14]
File: UA.jpg Graphic file (type jpg)
<use UA.jpg>
Package pdftex.def Info: UA.jpg  used on input line 733.
(pdftex.def)             Requested size: 9.02876pt x 9.02876pt.
 [15]
<./Images//16.png, id=98, 361.35pt x 193.32225pt>
File: ./Images//16.png Graphic file (type png)
<use ./Images//16.png>
Package pdftex.def Info: ./Images//16.png  used on input line 735.
(pdftex.def)             Requested size: 216.81168pt x 115.99423pt.
File: UA.jpg Graphic file (type jpg)
<use UA.jpg>
Package pdftex.def Info: UA.jpg  used on input line 781.
(pdftex.def)             Requested size: 9.02876pt x 9.02876pt.
 [16 <./Images//16.png>]
<./Images//17.png, id=103, 375.20175pt x 225.2415pt>
File: ./Images//17.png Graphic file (type png)
<use ./Images//17.png>
Package pdftex.def Info: ./Images//17.png  used on input line 844.
(pdftex.def)             Requested size: 206.36159pt x 123.8832pt.
File: UA.jpg Graphic file (type jpg)
<use UA.jpg>
Package pdftex.def Info: UA.jpg  used on input line 848.
(pdftex.def)             Requested size: 9.02876pt x 9.02876pt.
 [17 <./Images//17.png>]
File: UA.jpg Graphic file (type jpg)
<use UA.jpg>
Package pdftex.def Info: UA.jpg  used on input line 916.
(pdftex.def)             Requested size: 9.02876pt x 9.02876pt.
 [18]
<./Images//18.png, id=112, 343.2825pt x 224.63925pt>
File: ./Images//18.png Graphic file (type png)
<use ./Images//18.png>
Package pdftex.def Info: ./Images//18.png  used on input line 934.
(pdftex.def)             Requested size: 205.97107pt x 134.78458pt.
File: UA.jpg Graphic file (type jpg)
<use UA.jpg>
Package pdftex.def Info: UA.jpg  used on input line 981.
(pdftex.def)             Requested size: 9.02876pt x 9.02876pt.
 [19 <./Images//18.png>]
File: UA.jpg Graphic file (type jpg)
<use UA.jpg>
Package pdftex.def Info: UA.jpg  used on input line 1034.
(pdftex.def)             Requested size: 9.02876pt x 9.02876pt.
 [20]
<./Images//19.png, id=120, 643.80525pt x 443.256pt>
File: ./Images//19.png Graphic file (type png)
<use ./Images//19.png>
Package pdftex.def Info: ./Images//19.png  used on input line 1036.
(pdftex.def)             Requested size: 321.90184pt x 221.62746pt.
<./Images//20.png, id=121, 371.58826pt x 178.86826pt>
File: ./Images//20.png Graphic file (type png)
<use ./Images//20.png>
Package pdftex.def Info: ./Images//20.png  used on input line 1062.
(pdftex.def)             Requested size: 204.37416pt x 98.37784pt.
File: UA.jpg Graphic file (type jpg)
<use UA.jpg>
Package pdftex.def Info: UA.jpg  used on input line 1066.
(pdftex.def)             Requested size: 9.02876pt x 9.02876pt.
 [21 <./Images//19.png> <./Images//20.png>]
<./Images//21.png, id=127, 431.81325pt x 226.446pt>
File: ./Images//21.png Graphic file (type png)
<use ./Images//21.png>
Package pdftex.def Info: ./Images//21.png  used on input line 1106.
(pdftex.def)             Requested size: 237.49802pt x 124.54567pt.
File: UA.jpg Graphic file (type jpg)
<use UA.jpg>
Package pdftex.def Info: UA.jpg  used on input line 1124.
(pdftex.def)             Requested size: 9.02876pt x 9.02876pt.
 [22 <./Images//21.png>]
File: UA.jpg Graphic file (type jpg)
<use UA.jpg>
Package pdftex.def Info: UA.jpg  used on input line 1195.
(pdftex.def)             Requested size: 9.02876pt x 9.02876pt.
 [23]
<./Images//22.png, id=135, 402.303pt x 266.1945pt>
File: ./Images//22.png Graphic file (type png)
<use ./Images//22.png>
Package pdftex.def Info: ./Images//22.png  used on input line 1208.
(pdftex.def)             Requested size: 201.151pt x 133.09692pt.
File: UA.jpg Graphic file (type jpg)
<use UA.jpg>
Package pdftex.def Info: UA.jpg  used on input line 1240.
(pdftex.def)             Requested size: 9.02876pt x 9.02876pt.
 [24 <./Images//22.png>]
File: UA.jpg Graphic file (type jpg)
<use UA.jpg>
Package pdftex.def Info: UA.jpg  used on input line 1289.
(pdftex.def)             Requested size: 9.02876pt x 9.02876pt.
 [25]
<./Images//23.png, id=144, 356.532pt x 223.43475pt>
File: ./Images//23.png Graphic file (type png)
<use ./Images//23.png>
Package pdftex.def Info: ./Images//23.png  used on input line 1315.
(pdftex.def)             Requested size: 213.92084pt x 134.06187pt.
File: UA.jpg Graphic file (type jpg)
<use UA.jpg>
Package pdftex.def Info: UA.jpg  used on input line 1333.
(pdftex.def)             Requested size: 9.02876pt x 9.02876pt.
 [26 <./Images//23.png>]
<./Images//24.png, id=149, 330.63525pt x 181.27725pt>
File: ./Images//24.png Graphic file (type png)
<use ./Images//24.png>
Package pdftex.def Info: ./Images//24.png  used on input line 1337.
(pdftex.def)             Requested size: 198.38268pt x 108.76718pt.
File: UA.jpg Graphic file (type jpg)
<use UA.jpg>
Package pdftex.def Info: UA.jpg  used on input line 1394.
(pdftex.def)             Requested size: 9.02876pt x 9.02876pt.
 [27 <./Images//24.png>]
<./Images//25.png, id=154, 377.0085pt x 202.95825pt>
File: ./Images//25.png Graphic file (type png)
<use ./Images//25.png>
Package pdftex.def Info: ./Images//25.png  used on input line 1396.
(pdftex.def)             Requested size: 226.20683pt x 121.77588pt.
File: UA.jpg Graphic file (type jpg)
<use UA.jpg>
Package pdftex.def Info: UA.jpg  used on input line 1455.
(pdftex.def)             Requested size: 9.02876pt x 9.02876pt.
 [28 <./Images//25.png>]
<./Images//26.png, id=159, 287.8755pt x 268.6035pt>
File: ./Images//26.png Graphic file (type png)
<use ./Images//26.png>
Package pdftex.def Info: ./Images//26.png  used on input line 1457.
(pdftex.def)             Requested size: 172.72662pt x 161.16335pt.
File: UA.jpg Graphic file (type jpg)
<use UA.jpg>
Package pdftex.def Info: UA.jpg  used on input line 1497.
(pdftex.def)             Requested size: 9.02876pt x 9.02876pt.
 [29 <./Images//26.png>]
File: UA.jpg Graphic file (type jpg)
<use UA.jpg>
Package pdftex.def Info: UA.jpg  used on input line 1551.
(pdftex.def)             Requested size: 9.02876pt x 9.02876pt.
 [30]
<./Images//27.png, id=168, 504.6855pt x 319.1925pt>
File: ./Images//27.png Graphic file (type png)
<use ./Images//27.png>
Package pdftex.def Info: ./Images//27.png  used on input line 1555.
(pdftex.def)             Requested size: 252.34213pt x 159.59586pt.
File: UA.jpg Graphic file (type jpg)
<use UA.jpg>
Package pdftex.def Info: UA.jpg  used on input line 1593.
(pdftex.def)             Requested size: 9.02876pt x 9.02876pt.
 [31 <./Images//27.png>]
<./Images//28.png, id=173, 347.49825pt x 121.05225pt>
File: ./Images//28.png Graphic file (type png)
<use ./Images//28.png>
Package pdftex.def Info: ./Images//28.png  used on input line 1602.
(pdftex.def)             Requested size: 208.50053pt x 72.6319pt.
<./Images//29.png, id=174, 395.076pt x 219.219pt>
File: ./Images//29.png Graphic file (type png)
<use ./Images//29.png>
Package pdftex.def Info: ./Images//29.png  used on input line 1633.
(pdftex.def)             Requested size: 237.04742pt x 131.5324pt.
File: UA.jpg Graphic file (type jpg)
<use UA.jpg>
Package pdftex.def Info: UA.jpg  used on input line 1647.
(pdftex.def)             Requested size: 9.02876pt x 9.02876pt.
 [32 <./Images//28.png> <./Images//29.png>]
File: UA.jpg Graphic file (type jpg)
<use UA.jpg>
Package pdftex.def Info: UA.jpg  used on input line 1712.
(pdftex.def)             Requested size: 9.02876pt x 9.02876pt.
 [33]
<./Images//30.png, id=183, 357.13425pt x 159.59625pt>
File: ./Images//30.png Graphic file (type png)
<use ./Images//30.png>
Package pdftex.def Info: ./Images//30.png  used on input line 1760.
(pdftex.def)             Requested size: 178.56668pt x 79.79791pt.
<./Images//31.png, id=184, 361.35pt x 161.403pt>
File: ./Images//31.png Graphic file (type png)
<use ./Images//31.png>
Package pdftex.def Info: ./Images//31.png  used on input line 1761.
(pdftex.def)             Requested size: 180.67456pt x 80.7013pt.
File: UA.jpg Graphic file (type jpg)
<use UA.jpg>
Package pdftex.def Info: UA.jpg  used on input line 1765.
(pdftex.def)             Requested size: 9.02876pt x 9.02876pt.
 [34 <./Images//30.png> <./Images//31.png>]
File: UA.jpg Graphic file (type jpg)
<use UA.jpg>
Package pdftex.def Info: UA.jpg  used on input line 1825.
(pdftex.def)             Requested size: 9.02876pt x 9.02876pt.
 [35]
File: UA.jpg Graphic file (type jpg)
<use UA.jpg>
Package pdftex.def Info: UA.jpg  used on input line 1881.
(pdftex.def)             Requested size: 9.02876pt x 9.02876pt.
 [36]
<./Images//32.png, id=197, 81.30376pt x 119.84775pt>
File: ./Images//32.png Graphic file (type png)
<use ./Images//32.png>
Package pdftex.def Info: ./Images//32.png  used on input line 1920.
(pdftex.def)             Requested size: 48.78261pt x 71.9092pt.
File: UA.jpg Graphic file (type jpg)
<use UA.jpg>
Package pdftex.def Info: UA.jpg  used on input line 1940.
(pdftex.def)             Requested size: 9.02876pt x 9.02876pt.
 [37 <./Images//32.png>]
<./Images//33.png, id=202, 72.87225pt x 116.23425pt>
File: ./Images//33.png Graphic file (type png)
<use ./Images//33.png>
Package pdftex.def Info: ./Images//33.png  used on input line 1959.
(pdftex.def)             Requested size: 43.72368pt x 69.74107pt.
File: UA.jpg Graphic file (type jpg)
<use UA.jpg>
Package pdftex.def Info: UA.jpg  used on input line 1997.
(pdftex.def)             Requested size: 9.02876pt x 9.02876pt.
 [38 <./Images//33.png>]
<./Images//34.png, id=207, 116.23425pt x 110.814pt>
File: ./Images//34.png Graphic file (type png)
<use ./Images//34.png>
Package pdftex.def Info: ./Images//34.png  used on input line 2001.
(pdftex.def)             Requested size: 69.74107pt x 66.48889pt.
<./Images//35.png, id=208, 117.43875pt x 107.80275pt>
File: ./Images//35.png Graphic file (type png)
<use ./Images//35.png>
Package pdftex.def Info: ./Images//35.png  used on input line 2002.
(pdftex.def)             Requested size: 70.46378pt x 64.68213pt.
<./Images//36.png, id=209, 133.09724pt x 97.5645pt>
File: ./Images//36.png Graphic file (type png)
<use ./Images//36.png>
Package pdftex.def Info: ./Images//36.png  used on input line 2028.
(pdftex.def)             Requested size: 79.85895pt x 58.53914pt.
File: UA.jpg Graphic file (type jpg)
<use UA.jpg>
Package pdftex.def Info: UA.jpg  used on input line 2049.
(pdftex.def)             Requested size: 9.02876pt x 9.02876pt.
 [39 <./Images//34.png> <./Images//35.png> <./Images//36.png>]
<./Images//37.png, id=216, 130.68825pt x 95.75775pt>
File: ./Images//37.png Graphic file (type png)
<use ./Images//37.png>
Package pdftex.def Info: ./Images//37.png  used on input line 2068.
(pdftex.def)             Requested size: 78.41354pt x 57.45508pt.
File: UA.jpg Graphic file (type jpg)
<use UA.jpg>
Package pdftex.def Info: UA.jpg  used on input line 2092.
(pdftex.def)             Requested size: 9.02876pt x 9.02876pt.
 [40 <./Images//37.png>]
<./Images//38.png, id=221, 177.0615pt x 104.18925pt>
File: ./Images//38.png Graphic file (type png)
<use ./Images//38.png>
Package pdftex.def Info: ./Images//38.png  used on input line 2096.
(pdftex.def)             Requested size: 106.2377pt x 62.51402pt.
File: UA.jpg Graphic file (type jpg)
<use UA.jpg>
Package pdftex.def Info: UA.jpg  used on input line 2149.
(pdftex.def)             Requested size: 9.02876pt x 9.02876pt.
 [41 <./Images//38.png>]
Overfull \hbox (6.0723pt too wide) in paragraph at lines 2189--2190
[]\OT1/cmr/bx/n/10 Existe uma preval^encia de ar-mazena-mento dis-tribu^^S^^Pdo. Imp~oe con-fiar em m^^Sultiplos
 []

File: UA.jpg Graphic file (type jpg)
<use UA.jpg>
Package pdftex.def Info: UA.jpg  used on input line 2209.
(pdftex.def)             Requested size: 9.02876pt x 9.02876pt.
[42]
<./Images//39.png, id=230, 305.943pt x 175.25475pt>
File: ./Images//39.png Graphic file (type png)
<use ./Images//39.png>
Package pdftex.def Info: ./Images//39.png  used on input line 2233.
(pdftex.def)             Requested size: 183.5672pt x 105.15364pt.
File: UA.jpg Graphic file (type jpg)
<use UA.jpg>
Package pdftex.def Info: UA.jpg  used on input line 2267.
(pdftex.def)             Requested size: 9.02876pt x 9.02876pt.
 [43 <./Images//39.png>]
File: UA.jpg Graphic file (type jpg)
<use UA.jpg>
Package pdftex.def Info: UA.jpg  used on input line 2322.
(pdftex.def)             Requested size: 9.02876pt x 9.02876pt.
 [44]
File: UA.jpg Graphic file (type jpg)
<use UA.jpg>
Package pdftex.def Info: UA.jpg  used on input line 2359.
(pdftex.def)             Requested size: 9.02876pt x 9.02876pt.
 [45] (./Resumos.aux) ) 
Here is how much of TeX's memory you used:
 5529 strings out of 480247
 83282 string characters out of 5896150
 563917 words of memory out of 5000000
 23412 multiletter control sequences out of 15000+600000
 477563 words of font info for 61 fonts, out of 8000000 for 9000
 14 hyphenation exceptions out of 8191
 55i,15n,62p,246b,390s stack positions out of 5000i,500n,10000p,200000b,80000s
 </home/mendes/.texlive2021/texmf-var/fonts/pk/ljfour/jknappen/ec/tcrm1000.600pk></usr/share/texlive/texmf-dist/fonts/type1/public/amsfonts/cm/cmbx10.pfb></usr/share/texlive/texmf-dist/fonts/type1/public/amsfonts/cm/cmbx12.pfb></usr/share/texlive/texmf-dist/fonts/type1/public/amsfonts/cm/cmmi10.pfb></usr/share/texlive/texmf-dist/fonts/type1/public/amsfonts/cm/cmmi7.pfb></usr/share/texlive/texmf-dist/fonts/type1/public/amsfonts/cm/cmr10.pfb></usr/share/texlive/texmf-dist/fonts/type1/public/amsfonts/cm/cmr12.pfb></usr/share/texlive/texmf-dist/fonts/type1/public/amsfonts/cm/cmr17.pfb></usr/share/texlive/texmf-dist/fonts/type1/public/amsfonts/cm/cmr7.pfb></usr/share/texlive/texmf-dist/fonts/type1/public/amsfonts/cm/cmsy10.pfb></usr/share/texlive/texmf-dist/fonts/type1/public/amsfonts/cm/cmsy7.pfb>
Output written on Resumos.pdf (46 pages, 2231749 bytes).
PDF statistics:
 292 PDF objects out of 1000 (max. 8388607)
 139 compressed objects within 2 object streams
 0 named destinations out of 1000 (max. 500000)
 206 words of extra memory for PDF output out of 10000 (max. 10000000)

