This is pdfTeX, Version 3.141592653-2.6-1.40.22 (TeX Live 2022/dev/Debian) (preloaded format=pdflatex 2023.10.14)  8 NOV 2023 19:22
entering extended mode
 restricted \write18 enabled.
 file:line:error style messages enabled.
 %&-line parsing enabled.
**/home/mendes/Desktop/SIO/Resumos/Resumos.tex
(/home/mendes/Desktop/SIO/Resumos/Resumos.tex
LaTeX2e <2021-11-15> patch level 1
L3 programming layer <2022-01-21> (/usr/share/texlive/texmf-dist/tex/latex/base/article.cls
Document Class: article 2021/10/04 v1.4n Standard LaTeX document class
(/usr/share/texlive/texmf-dist/tex/latex/base/size10.clo
File: size10.clo 2021/10/04 v1.4n Standard LaTeX file (size option)
)
\c@part=\count185
\c@section=\count186
\c@subsection=\count187
\c@subsubsection=\count188
\c@paragraph=\count189
\c@subparagraph=\count190
\c@figure=\count191
\c@table=\count192
\abovecaptionskip=\skip47
\belowcaptionskip=\skip48
\bibindent=\dimen138
) (/usr/share/texlive/texmf-dist/tex/latex/base/inputenc.sty
Package: inputenc 2021/02/14 v1.3d Input encoding file
\inpenc@prehook=\toks16
\inpenc@posthook=\toks17
) (/usr/share/texlive/texmf-dist/tex/latex/tools/indentfirst.sty
Package: indentfirst 1995/11/23 v1.03 Indent first paragraph (DPC)
) (/usr/share/texlive/texmf-dist/tex/latex/titling/titling.sty
Package: titling 2009/09/04 v2.1d maketitle typesetting
\thanksmarkwidth=\skip49
\thanksmargin=\skip50
\droptitle=\skip51
) (/usr/share/texlive/texmf-dist/tex/latex/geometry/geometry.sty
Package: geometry 2020/01/02 v5.9 Page Geometry
 (/usr/share/texlive/texmf-dist/tex/latex/graphics/keyval.sty
Package: keyval 2014/10/28 v1.15 key=value parser (DPC)
\KV@toks@=\toks18
) (/usr/share/texlive/texmf-dist/tex/generic/iftex/ifvtex.sty
Package: ifvtex 2019/10/25 v1.7 ifvtex legacy package. Use iftex instead.
 (/usr/share/texlive/texmf-dist/tex/generic/iftex/iftex.sty
Package: iftex 2020/03/06 v1.0d TeX engine tests
))
\Gm@cnth=\count193
\Gm@cntv=\count194
\c@Gm@tempcnt=\count195
\Gm@bindingoffset=\dimen139
\Gm@wd@mp=\dimen140
\Gm@odd@mp=\dimen141
\Gm@even@mp=\dimen142
\Gm@layoutwidth=\dimen143
\Gm@layoutheight=\dimen144
\Gm@layouthoffset=\dimen145
\Gm@layoutvoffset=\dimen146
\Gm@dimlist=\toks19
) (/usr/share/texlive/texmf-dist/tex/latex/graphics/graphicx.sty
Package: graphicx 2021/09/16 v1.2d Enhanced LaTeX Graphics (DPC,SPQR)
 (/usr/share/texlive/texmf-dist/tex/latex/graphics/graphics.sty
Package: graphics 2021/03/04 v1.4d Standard LaTeX Graphics (DPC,SPQR)
 (/usr/share/texlive/texmf-dist/tex/latex/graphics/trig.sty
Package: trig 2021/08/11 v1.11 sin cos tan (DPC)
) (/usr/share/texlive/texmf-dist/tex/latex/graphics-cfg/graphics.cfg
File: graphics.cfg 2016/06/04 v1.11 sample graphics configuration
)
Package graphics Info: Driver file: pdftex.def on input line 107.
 (/usr/share/texlive/texmf-dist/tex/latex/graphics-def/pdftex.def
File: pdftex.def 2020/10/05 v1.2a Graphics/color driver for pdftex
))
\Gin@req@height=\dimen147
\Gin@req@width=\dimen148
) (/usr/share/texlive/texmf-dist/tex/latex/enumitem/enumitem.sty
Package: enumitem 2019/06/20 v3.9 Customized lists
\labelindent=\skip52
\enit@outerparindent=\dimen149
\enit@toks=\toks20
\enit@inbox=\box50
\enit@count@id=\count196
\enitdp@description=\count197
) (/usr/share/texlive/texmf-dist/tex/latex/fancyhdr/fancyhdr.sty
Package: fancyhdr 2021/01/28 v4.0.1 Extensive control of page headers and footers
\f@nch@headwidth=\skip53
\f@nch@O@elh=\skip54
\f@nch@O@erh=\skip55
\f@nch@O@olh=\skip56
\f@nch@O@orh=\skip57
\f@nch@O@elf=\skip58
\f@nch@O@erf=\skip59
\f@nch@O@olf=\skip60
\f@nch@O@orf=\skip61
) (/usr/share/texlive/texmf-dist/tex/generic/ulem/ulem.sty
\UL@box=\box51
\UL@hyphenbox=\box52
\UL@skip=\skip62
\UL@hook=\toks21
\UL@height=\dimen150
\UL@pe=\count198
\UL@pixel=\dimen151
\ULC@box=\box53
Package: ulem 2019/11/18
\ULdepth=\dimen152
) (/usr/share/texlive/texmf-dist/tex/latex/xcolor/xcolor.sty
Package: xcolor 2021/10/31 v2.13 LaTeX color extensions (UK)
 (/usr/share/texlive/texmf-dist/tex/latex/graphics-cfg/color.cfg
File: color.cfg 2016/01/02 v1.6 sample color configuration
)
Package xcolor Info: Driver file: pdftex.def on input line 227.
Package xcolor Info: Model `cmy' substituted by `cmy0' on input line 1352.
Package xcolor Info: Model `hsb' substituted by `rgb' on input line 1356.
Package xcolor Info: Model `RGB' extended on input line 1368.
Package xcolor Info: Model `HTML' substituted by `rgb' on input line 1370.
Package xcolor Info: Model `Hsb' substituted by `hsb' on input line 1371.
Package xcolor Info: Model `tHsb' substituted by `hsb' on input line 1372.
Package xcolor Info: Model `HSB' substituted by `hsb' on input line 1373.
Package xcolor Info: Model `Gray' substituted by `gray' on input line 1374.
Package xcolor Info: Model `wave' substituted by `hsb' on input line 1375.
 (/usr/share/texlive/texmf-dist/tex/latex/graphics/dvipsnam.def
File: dvipsnam.def 2016/06/17 v3.0m Driver-dependent file (DPC,SPQR)
)) (/usr/share/texlive/texmf-dist/tex/latex/amsfonts/amssymb.sty
Package: amssymb 2013/01/14 v3.01 AMS font symbols
 (/usr/share/texlive/texmf-dist/tex/latex/amsfonts/amsfonts.sty
Package: amsfonts 2013/01/14 v3.01 Basic AMSFonts support
\@emptytoks=\toks22
\symAMSa=\mathgroup4
\symAMSb=\mathgroup5
LaTeX Font Info:    Redeclaring math symbol \hbar on input line 98.
LaTeX Font Info:    Overwriting math alphabet `\mathfrak' in version `bold'
(Font)                  U/euf/m/n --> U/euf/b/n on input line 106.
)) (/usr/share/texlive/texmf-dist/tex/latex/listings/listings.sty
\lst@mode=\count199
\lst@gtempboxa=\box54
\lst@token=\toks23
\lst@length=\count266
\lst@currlwidth=\dimen153
\lst@column=\count267
\lst@pos=\count268
\lst@lostspace=\dimen154
\lst@width=\dimen155
\lst@newlines=\count269
\lst@lineno=\count270
\lst@maxwidth=\dimen156
 (/usr/share/texlive/texmf-dist/tex/latex/listings/lstmisc.sty
File: lstmisc.sty 2020/03/24 1.8d (Carsten Heinz)
\c@lstnumber=\count271
\lst@skipnumbers=\count272
\lst@framebox=\box55
) (/usr/share/texlive/texmf-dist/tex/latex/listings/listings.cfg
File: listings.cfg 2020/03/24 1.8d listings configuration
))
Package: listings 2020/03/24 1.8d (Carsten Heinz)
 (/usr/share/texlive/texmf-dist/tex/latex/listings/lstlang1.sty
File: lstlang1.sty 2020/03/24 1.8d listings language file
) (/usr/share/texlive/texmf-dist/tex/latex/l3backend/l3backend-pdftex.def
File: l3backend-pdftex.def 2022-01-12 L3 backend support: PDF output (pdfTeX)
\l__color_backend_stack_int=\count273
\l__pdf_internal_box=\box56
) (./Resumos.aux)
\openout1 = `Resumos.aux'.

LaTeX Font Info:    Checking defaults for OML/cmm/m/it on input line 62.
LaTeX Font Info:    ... okay on input line 62.
LaTeX Font Info:    Checking defaults for OMS/cmsy/m/n on input line 62.
LaTeX Font Info:    ... okay on input line 62.
LaTeX Font Info:    Checking defaults for OT1/cmr/m/n on input line 62.
LaTeX Font Info:    ... okay on input line 62.
LaTeX Font Info:    Checking defaults for T1/cmr/m/n on input line 62.
LaTeX Font Info:    ... okay on input line 62.
LaTeX Font Info:    Checking defaults for TS1/cmr/m/n on input line 62.
LaTeX Font Info:    ... okay on input line 62.
LaTeX Font Info:    Checking defaults for OMX/cmex/m/n on input line 62.
LaTeX Font Info:    ... okay on input line 62.
LaTeX Font Info:    Checking defaults for U/cmr/m/n on input line 62.
LaTeX Font Info:    ... okay on input line 62.

*geometry* driver: auto-detecting
*geometry* detected driver: pdftex
*geometry* verbose mode - [ preamble ] result:
* driver: pdftex
* paper: a4paper
* layout: <same size as paper>
* layoutoffset:(h,v)=(0.0pt,0.0pt)
* modes: 
* h-part:(L,W,R)=(89.62709pt, 418.25368pt, 89.6271pt)
* v-part:(T,H,B)=(156.49014pt, 560.5193pt, 128.0374pt)
* \paperwidth=597.50787pt
* \paperheight=845.04684pt
* \textwidth=418.25368pt
* \textheight=560.5193pt
* \oddsidemargin=17.3571pt
* \evensidemargin=17.3571pt
* \topmargin=-54.59087pt
* \headheight=113.81102pt
* \headsep=25.0pt
* \topskip=10.0pt
* \footskip=113.81102pt
* \marginparwidth=65.0pt
* \marginparsep=11.0pt
* \columnsep=10.0pt
* \skip\footins=9.0pt plus 4.0pt minus 2.0pt
* \hoffset=0.0pt
* \voffset=0.0pt
* \mag=1000
* \@twocolumnfalse
* \@twosidefalse
* \@mparswitchfalse
* \@reversemarginfalse
* (1in=72.27pt=25.4mm, 1cm=28.453pt)

(/usr/share/texlive/texmf-dist/tex/context/base/mkii/supp-pdf.mkii
[Loading MPS to PDF converter (version 2006.09.02).]
\scratchcounter=\count274
\scratchdimen=\dimen157
\scratchbox=\box57
\nofMPsegments=\count275
\nofMParguments=\count276
\everyMPshowfont=\toks24
\MPscratchCnt=\count277
\MPscratchDim=\dimen158
\MPnumerator=\count278
\makeMPintoPDFobject=\count279
\everyMPtoPDFconversion=\toks25
) (/usr/share/texlive/texmf-dist/tex/latex/epstopdf-pkg/epstopdf-base.sty
Package: epstopdf-base 2020-01-24 v2.11 Base part for package epstopdf
Package epstopdf-base Info: Redefining graphics rule for `.eps' on input line 485.
 (/usr/share/texlive/texmf-dist/tex/latex/latexconfig/epstopdf-sys.cfg
File: epstopdf-sys.cfg 2010/07/13 v1.3 Configuration of (r)epstopdf for TeX Live
))
\c@lstlisting=\count280
LaTeX Font Info:    Trying to load font information for U+msa on input line 66.
 (/usr/share/texlive/texmf-dist/tex/latex/amsfonts/umsa.fd
File: umsa.fd 2013/01/14 v3.01 AMS symbols A
)
LaTeX Font Info:    Trying to load font information for U+msb on input line 66.
 (/usr/share/texlive/texmf-dist/tex/latex/amsfonts/umsb.fd
File: umsb.fd 2013/01/14 v3.01 AMS symbols B
)
<UA.png, id=1, 368.37625pt x 137.51375pt>
File: UA.png Graphic file (type png)
<use UA.png>
Package pdftex.def Info: UA.png  used on input line 68.
(pdftex.def)             Requested size: 147.34789pt x 55.00452pt.
 [1

{/var/lib/texmf/fonts/map/pdftex/updmap/pdftex.map} <./UA.png>]
<UA.jpg, id=10, 903.375pt x 903.375pt>
File: UA.jpg Graphic file (type jpg)
<use UA.jpg>
Package pdftex.def Info: UA.jpg  used on input line 129.
(pdftex.def)             Requested size: 9.02876pt x 9.02876pt.
 [1 <./UA.jpg>]
<./Images//1.png, id=18, 559.08875pt x 424.58624pt>
File: ./Images//1.png Graphic file (type png)
<use ./Images//1.png>
Package pdftex.def Info: ./Images//1.png  used on input line 149.
(pdftex.def)             Requested size: 223.63153pt x 169.83148pt.
File: UA.jpg Graphic file (type jpg)
<use UA.jpg>
Package pdftex.def Info: UA.jpg  used on input line 166.
(pdftex.def)             Requested size: 9.02876pt x 9.02876pt.
 [2 <./Images//1.png>]
<./Images//2.png, id=24, 968.61874pt x 678.535pt>
File: ./Images//2.png Graphic file (type png)
<use ./Images//2.png>
Package pdftex.def Info: ./Images//2.png  used on input line 191.
(pdftex.def)             Requested size: 290.58786pt x 203.56207pt.
File: UA.jpg Graphic file (type jpg)
<use UA.jpg>
Package pdftex.def Info: UA.jpg  used on input line 208.
(pdftex.def)             Requested size: 9.02876pt x 9.02876pt.
 [3 <./Images//2.png>]
<./Images//3.png, id=29, 698.61pt x 705.63625pt>
File: ./Images//3.png Graphic file (type png)
<use ./Images//3.png>
Package pdftex.def Info: ./Images//3.png  used on input line 221.
(pdftex.def)             Requested size: 139.71951pt x 141.12474pt.
File: UA.jpg Graphic file (type jpg)
<use UA.jpg>
Package pdftex.def Info: UA.jpg  used on input line 255.
(pdftex.def)             Requested size: 9.02876pt x 9.02876pt.
 [4 <./Images//3.png>]
File: UA.jpg Graphic file (type jpg)
<use UA.jpg>
Package pdftex.def Info: UA.jpg  used on input line 315.
(pdftex.def)             Requested size: 9.02876pt x 9.02876pt.
 [5]
<./Images//4.png, id=37, 561.09625pt x 427.5975pt>
File: ./Images//4.png Graphic file (type png)
<use ./Images//4.png>
Package pdftex.def Info: ./Images//4.png  used on input line 359.
(pdftex.def)             Requested size: 168.33017pt x 128.28023pt.
File: UA.jpg Graphic file (type jpg)
<use UA.jpg>
Package pdftex.def Info: UA.jpg  used on input line 363.
(pdftex.def)             Requested size: 9.02876pt x 9.02876pt.
 [6 <./Images//4.png>]
Overfull \hbox (36.02487pt too wide) in paragraph at lines 391--393
[]\OT1/cmr/m/n/10 Autoriza^^Xc~ao ^^Se necess^^Saria (and the re-lated min-i-mum au-then-ti-ca-tion re-quire-ments (Strong/weak,
 []

File: UA.jpg Graphic file (type jpg)
<use UA.jpg>
Package pdftex.def Info: UA.jpg  used on input line 417.
(pdftex.def)             Requested size: 9.02876pt x 9.02876pt.
[7]
<./Images//5.png, id=46, 561.09625pt x 427.5975pt>
File: ./Images//5.png Graphic file (type png)
<use ./Images//5.png>
Package pdftex.def Info: ./Images//5.png  used on input line 433.
(pdftex.def)             Requested size: 224.43452pt x 171.03596pt.
<./Images//6.png, id=47, 561.09625pt x 427.5975pt>
File: ./Images//6.png Graphic file (type png)
<use ./Images//6.png>
Package pdftex.def Info: ./Images//6.png  used on input line 434.
(pdftex.def)             Requested size: 224.43452pt x 171.03596pt.
File: UA.jpg Graphic file (type jpg)
<use UA.jpg>
Package pdftex.def Info: UA.jpg  used on input line 438.
(pdftex.def)             Requested size: 9.02876pt x 9.02876pt.
 [8 <./Images//5.png> <./Images//6.png>]
<./Images//7.png, id=53, 1079.03125pt x 583.17876pt>
File: ./Images//7.png Graphic file (type png)
<use ./Images//7.png>
Package pdftex.def Info: ./Images//7.png  used on input line 459.
(pdftex.def)             Requested size: 323.71187pt x 174.95497pt.
File: UA.jpg Graphic file (type jpg)
<use UA.jpg>
Package pdftex.def Info: UA.jpg  used on input line 467.
(pdftex.def)             Requested size: 9.02876pt x 9.02876pt.
 [9 <./Images//7.png>]
File: UA.jpg Graphic file (type jpg)
<use UA.jpg>
Package pdftex.def Info: UA.jpg  used on input line 521.
(pdftex.def)             Requested size: 9.02876pt x 9.02876pt.
 [10]
<./Images//8.png, id=61, 563.10374pt x 421.575pt>
File: ./Images//8.png Graphic file (type png)
<use ./Images//8.png>
Package pdftex.def Info: ./Images//8.png  used on input line 523.
(pdftex.def)             Requested size: 225.2375pt x 168.627pt.
File: UA.jpg Graphic file (type jpg)
<use UA.jpg>
Package pdftex.def Info: UA.jpg  used on input line 568.
(pdftex.def)             Requested size: 9.02876pt x 9.02876pt.
 [11 <./Images//8.png>]
<./Images//9.png, id=66, 563.10374pt x 421.575pt>
File: ./Images//9.png Graphic file (type png)
<use ./Images//9.png>
Package pdftex.def Info: ./Images//9.png  used on input line 578.
(pdftex.def)             Requested size: 225.2375pt x 168.627pt.
File: UA.jpg Graphic file (type jpg)
<use UA.jpg>
Package pdftex.def Info: UA.jpg  used on input line 626.
(pdftex.def)             Requested size: 9.02876pt x 9.02876pt.
 [12 <./Images//9.png>]
File: UA.jpg Graphic file (type jpg)
<use UA.jpg>
Package pdftex.def Info: UA.jpg  used on input line 661.
(pdftex.def)             Requested size: 9.02876pt x 9.02876pt.
 [13]
<./Images//10.png, id=75, 500.87125pt x 303.1325pt>
File: ./Images//10.png Graphic file (type png)
<use ./Images//10.png>
Package pdftex.def Info: ./Images//10.png  used on input line 677.
(pdftex.def)             Requested size: 200.34494pt x 121.25084pt.
File: UA.jpg Graphic file (type jpg)
<use UA.jpg>
Package pdftex.def Info: UA.jpg  used on input line 718.
(pdftex.def)             Requested size: 9.02876pt x 9.02876pt.
 [14 <./Images//10.png>]
File: UA.jpg Graphic file (type jpg)
<use UA.jpg>
Package pdftex.def Info: UA.jpg  used on input line 772.
(pdftex.def)             Requested size: 9.02876pt x 9.02876pt.
 [15]
File: UA.jpg Graphic file (type jpg)
<use UA.jpg>
Package pdftex.def Info: UA.jpg  used on input line 839.
(pdftex.def)             Requested size: 9.02876pt x 9.02876pt.
 [16]
File: UA.jpg Graphic file (type jpg)
<use UA.jpg>
Package pdftex.def Info: UA.jpg  used on input line 902.
(pdftex.def)             Requested size: 9.02876pt x 9.02876pt.
 [17]
<./Images//11.png, id=90, 562.1pt x 425.59pt>
File: ./Images//11.png Graphic file (type png)
<use ./Images//11.png>
Package pdftex.def Info: ./Images//11.png  used on input line 904.
(pdftex.def)             Requested size: 196.73795pt x 148.95872pt.
<./Images//12.png, id=91, 562.1pt x 425.59pt>
File: ./Images//12.png Graphic file (type png)
<use ./Images//12.png>
Package pdftex.def Info: ./Images//12.png  used on input line 905.
(pdftex.def)             Requested size: 196.73795pt x 148.95872pt.
File: UA.jpg Graphic file (type jpg)
<use UA.jpg>
Package pdftex.def Info: UA.jpg  used on input line 954.
(pdftex.def)             Requested size: 9.02876pt x 9.02876pt.
 [18 <./Images//11.png> <./Images//12.png>]
File: UA.jpg Graphic file (type jpg)
<use UA.jpg>
Package pdftex.def Info: UA.jpg  used on input line 1013.
(pdftex.def)             Requested size: 9.02876pt x 9.02876pt.
 [19]
<./Images//13.png, id=101, 453.695pt x 151.56625pt>
File: ./Images//13.png Graphic file (type png)
<use ./Images//13.png>
Package pdftex.def Info: ./Images//13.png  used on input line 1031.
(pdftex.def)             Requested size: 181.47478pt x 60.62541pt.
File: UA.jpg Graphic file (type jpg)
<use UA.jpg>
Package pdftex.def Info: UA.jpg  used on input line 1080.
(pdftex.def)             Requested size: 9.02876pt x 9.02876pt.
 [20 <./Images//13.png>]
<./Images//14.png, id=106, 526.96875pt x 357.335pt>
File: ./Images//14.png Graphic file (type png)
<use ./Images//14.png>
Package pdftex.def Info: ./Images//14.png  used on input line 1084.
(pdftex.def)             Requested size: 210.78375pt x 142.93146pt.
File: UA.jpg Graphic file (type jpg)
<use UA.jpg>
Package pdftex.def Info: UA.jpg  used on input line 1147.
(pdftex.def)             Requested size: 9.02876pt x 9.02876pt.
 [21 <./Images//14.png>]
<./Images//15.png, id=111, 462.72874pt x 271.0125pt>
File: ./Images//15.png Graphic file (type png)
<use ./Images//15.png>
Package pdftex.def Info: ./Images//15.png  used on input line 1179.
(pdftex.def)             Requested size: 185.08821pt x 108.40306pt.
<./Images//16.png, id=112, 531.9875pt x 366.36874pt>
File: ./Images//16.png Graphic file (type png)
<use ./Images//16.png>
Package pdftex.def Info: ./Images//16.png  used on input line 1200.
(pdftex.def)             Requested size: 212.79123pt x 146.54489pt.
File: UA.jpg Graphic file (type jpg)
<use UA.jpg>
Package pdftex.def Info: UA.jpg  used on input line 1201.
(pdftex.def)             Requested size: 9.02876pt x 9.02876pt.
 [22 <./Images//15.png>]
<./Images//17.png, id=117, 192.72pt x 89.33376pt>
File: ./Images//17.png Graphic file (type png)
<use ./Images//17.png>
Package pdftex.def Info: ./Images//17.png  used on input line 1208.
(pdftex.def)             Requested size: 115.63287pt x 53.60065pt.
<./Images//18.png, id=118, 192.72pt x 89.33376pt>
File: ./Images//18.png Graphic file (type png)
<use ./Images//18.png>
Package pdftex.def Info: ./Images//18.png  used on input line 1225.
(pdftex.def)             Requested size: 115.63287pt x 53.60065pt.
File: UA.jpg Graphic file (type jpg)
<use UA.jpg>
Package pdftex.def Info: UA.jpg  used on input line 1248.
(pdftex.def)             Requested size: 9.02876pt x 9.02876pt.
 [23 <./Images//16.png> <./Images//17.png> <./Images//18.png>]
<./Images//19.png, id=125, 546.04pt x 372.39125pt>
File: ./Images//19.png Graphic file (type png)
<use ./Images//19.png>
Package pdftex.def Info: ./Images//19.png  used on input line 1278.
(pdftex.def)             Requested size: 218.41212pt x 148.95386pt.
File: UA.jpg Graphic file (type jpg)
<use UA.jpg>
Package pdftex.def Info: UA.jpg  used on input line 1295.
(pdftex.def)             Requested size: 9.02876pt x 9.02876pt.
 [24 <./Images//19.png>]
<./Images//20.png, id=131, 203.76125pt x 85.31876pt>
File: ./Images//20.png Graphic file (type png)
<use ./Images//20.png>
Package pdftex.def Info: ./Images//20.png  used on input line 1314.
(pdftex.def)             Requested size: 81.50305pt x 34.12688pt.
<./Images//21.png, id=132, 203.76125pt x 85.31876pt>
File: ./Images//21.png Graphic file (type png)
<use ./Images//21.png>
Package pdftex.def Info: ./Images//21.png  used on input line 1331.
(pdftex.def)             Requested size: 81.50305pt x 34.12688pt.
File: UA.jpg Graphic file (type jpg)
<use UA.jpg>
Package pdftex.def Info: UA.jpg  used on input line 1351.
(pdftex.def)             Requested size: 9.02876pt x 9.02876pt.
 [25 <./Images//20.png> <./Images//21.png>]
<./Images//22.png, id=138, 543.02875pt x 368.37625pt>
File: ./Images//22.png Graphic file (type png)
<use ./Images//22.png>
Package pdftex.def Info: ./Images//22.png  used on input line 1353.
(pdftex.def)             Requested size: 217.20764pt x 147.34789pt.
<./Images//23.png, id=139, 113.42375pt x 261.97874pt>
File: ./Images//23.png Graphic file (type png)
<use ./Images//23.png>
Package pdftex.def Info: ./Images//23.png  used on input line 1378.
(pdftex.def)             Requested size: 45.36868pt x 104.78964pt.
<./Images//24.png, id=140, 497.86pt x 307.1475pt>
File: ./Images//24.png Graphic file (type png)
<use ./Images//24.png>
Package pdftex.def Info: ./Images//24.png  used on input line 1385.
(pdftex.def)             Requested size: 199.14047pt x 122.85681pt.
File: UA.jpg Graphic file (type jpg)
<use UA.jpg>
Package pdftex.def Info: UA.jpg  used on input line 1389.
(pdftex.def)             Requested size: 9.02876pt x 9.02876pt.
 [26 <./Images//22.png> <./Images//23.png> <./Images//24.png>]
<./Images//25.png, id=147, 491.8375pt x 271.0125pt>
File: ./Images//25.png Graphic file (type png)
<use ./Images//25.png>
Package pdftex.def Info: ./Images//25.png  used on input line 1403.
(pdftex.def)             Requested size: 196.7315pt x 108.40306pt.
<./Images//26.png, id=148, 491.8375pt x 149.55875pt>
File: ./Images//26.png Graphic file (type png)
<use ./Images//26.png>
Package pdftex.def Info: ./Images//26.png  used on input line 1417.
(pdftex.def)             Requested size: 196.7315pt x 59.82243pt.
File: UA.jpg Graphic file (type jpg)
<use UA.jpg>
Package pdftex.def Info: UA.jpg  used on input line 1431.
(pdftex.def)             Requested size: 9.02876pt x 9.02876pt.
 [27 <./Images//25.png> <./Images//26.png>]
<./Images//27.png, id=154, 329.23pt x 115.43124pt>
File: ./Images//27.png Graphic file (type png)
<use ./Images//27.png>
Package pdftex.def Info: ./Images//27.png  used on input line 1463.
(pdftex.def)             Requested size: 131.68965pt x 46.17168pt.
File: UA.jpg Graphic file (type jpg)
<use UA.jpg>
Package pdftex.def Info: UA.jpg  used on input line 1467.
(pdftex.def)             Requested size: 9.02876pt x 9.02876pt.
 [28 <./Images//27.png>]
<./Images//28.png, id=159, 512.91624pt x 179.67125pt>
File: ./Images//28.png Graphic file (type png)
<use ./Images//28.png>
Package pdftex.def Info: ./Images//28.png  used on input line 1471.
(pdftex.def)             Requested size: 205.16286pt x 71.86722pt.
File: UA.jpg Graphic file (type jpg)
<use UA.jpg>
Package pdftex.def Info: UA.jpg  used on input line 1532.
(pdftex.def)             Requested size: 9.02876pt x 9.02876pt.
 [29 <./Images//28.png>]
<./Images//29.png, id=164, 836.12375pt x 229.85875pt>
File: ./Images//29.png Graphic file (type png)
<use ./Images//29.png>
Package pdftex.def Info: ./Images//29.png  used on input line 1554.
(pdftex.def)             Requested size: 334.44357pt x 91.94186pt.
File: UA.jpg Graphic file (type jpg)
<use UA.jpg>
Package pdftex.def Info: UA.jpg  used on input line 1604.
(pdftex.def)             Requested size: 9.02876pt x 9.02876pt.
 [30 <./Images//29.png>]
<./Images//30.png, id=171, 413.545pt x 378.41376pt>
File: ./Images//30.png Graphic file (type png)
<use ./Images//30.png>
Package pdftex.def Info: ./Images//30.png  used on input line 1610.
(pdftex.def)             Requested size: 165.41505pt x 151.36281pt.
<./Images//31.png, id=172, 542.025pt x 378.41376pt>
File: ./Images//31.png Graphic file (type png)
<use ./Images//31.png>
Package pdftex.def Info: ./Images//31.png  used on input line 1616.
(pdftex.def)             Requested size: 216.80615pt x 151.36281pt.
<./Images//32.png, id=173, 542.025pt x 378.41376pt>
File: ./Images//32.png Graphic file (type png)
<use ./Images//32.png>
Package pdftex.def Info: ./Images//32.png  used on input line 1617.
(pdftex.def)             Requested size: 216.80615pt x 151.36281pt.
File: UA.jpg Graphic file (type jpg)
<use UA.jpg>
Package pdftex.def Info: UA.jpg  used on input line 1621.
(pdftex.def)             Requested size: 9.02876pt x 9.02876pt.
 [31 <./Images//30.png> <./Images//31.png> <./Images//32.png>]
<./Images//33.png, id=180, 542.025pt x 378.41376pt>
File: ./Images//33.png Graphic file (type png)
<use ./Images//33.png>
Package pdftex.def Info: ./Images//33.png  used on input line 1674.
(pdftex.def)             Requested size: 162.60875pt x 113.525pt.
<./Images//34.png, id=181, 542.025pt x 378.41376pt>
File: ./Images//34.png Graphic file (type png)
<use ./Images//34.png>
Package pdftex.def Info: ./Images//34.png  used on input line 1675.
(pdftex.def)             Requested size: 162.60875pt x 113.525pt.
File: UA.jpg Graphic file (type jpg)
<use UA.jpg>
Package pdftex.def Info: UA.jpg  used on input line 1695.
(pdftex.def)             Requested size: 9.02876pt x 9.02876pt.
 [32 <./Images//33.png> <./Images//34.png>]
<./Images//35.png, id=187, 183.68625pt x 81.30376pt>
File: ./Images//35.png Graphic file (type png)
<use ./Images//35.png>
Package pdftex.def Info: ./Images//35.png  used on input line 1761.
(pdftex.def)             Requested size: 73.47318pt x 32.52092pt.
File: UA.jpg Graphic file (type jpg)
<use UA.jpg>
Package pdftex.def Info: UA.jpg  used on input line 1766.
(pdftex.def)             Requested size: 9.02876pt x 9.02876pt.
 [33 <./Images//35.png>]
<./Images//36.png, id=192, 536.0025pt x 372.39125pt>
File: ./Images//36.png Graphic file (type png)
<use ./Images//36.png>
Package pdftex.def Info: ./Images//36.png  used on input line 1768.
(pdftex.def)             Requested size: 214.3972pt x 148.95386pt.
<./Images//37.png, id=193, 220.825pt x 219.82124pt>
File: ./Images//37.png Graphic file (type png)
<use ./Images//37.png>
Package pdftex.def Info: ./Images//37.png  used on input line 1791.
(pdftex.def)             Requested size: 110.41222pt x 109.91034pt.
File: UA.jpg Graphic file (type jpg)
<use UA.jpg>
Package pdftex.def Info: UA.jpg  used on input line 1804.
(pdftex.def)             Requested size: 9.02876pt x 9.02876pt.
 [34 <./Images//36.png> <./Images//37.png>]
<./Images//38.png, id=199, 539.01375pt x 367.3725pt>
File: ./Images//38.png Graphic file (type png)
<use ./Images//38.png>
Package pdftex.def Info: ./Images//38.png  used on input line 1830.
(pdftex.def)             Requested size: 215.60167pt x 146.94638pt.
File: UA.jpg Graphic file (type jpg)
<use UA.jpg>
Package pdftex.def Info: UA.jpg  used on input line 1855.
(pdftex.def)             Requested size: 9.02876pt x 9.02876pt.
 [35 <./Images//38.png>]
<./Images//39.png, id=204, 520.94624pt x 226.8475pt>
File: ./Images//39.png Graphic file (type png)
<use ./Images//39.png>
Package pdftex.def Info: ./Images//39.png  used on input line 1863.
(pdftex.def)             Requested size: 208.3748pt x 90.73738pt.
<./Images//40.png, id=205, 520.94624pt x 259.97125pt>
File: ./Images//40.png Graphic file (type png)
<use ./Images//40.png>
Package pdftex.def Info: ./Images//40.png  used on input line 1870.
(pdftex.def)             Requested size: 260.47249pt x 129.9853pt.
File: UA.jpg Graphic file (type jpg)
<use UA.jpg>
Package pdftex.def Info: UA.jpg  used on input line 1897.
(pdftex.def)             Requested size: 9.02876pt x 9.02876pt.
 [36 <./Images//39.png> <./Images//40.png>]
<./Images//41.png, id=212, 561.09625pt x 388.45125pt>
File: ./Images//41.png Graphic file (type png)
<use ./Images//41.png>
Package pdftex.def Info: ./Images//41.png  used on input line 1899.
(pdftex.def)             Requested size: 196.38663pt x 135.95996pt.
<./Images//42.png, id=213, 561.09625pt x 388.45125pt>
File: ./Images//42.png Graphic file (type png)
<use ./Images//42.png>
Package pdftex.def Info: ./Images//42.png  used on input line 1900.
(pdftex.def)             Requested size: 196.38663pt x 135.95996pt.
File: UA.jpg Graphic file (type jpg)
<use UA.jpg>
Package pdftex.def Info: UA.jpg  used on input line 1950.
(pdftex.def)             Requested size: 9.02876pt x 9.02876pt.
 [37 <./Images//41.png> <./Images//42.png>]
File: UA.jpg Graphic file (type jpg)
<use UA.jpg>
Package pdftex.def Info: UA.jpg  used on input line 2020.
(pdftex.def)             Requested size: 9.02876pt x 9.02876pt.
 [38]
File: UA.jpg Graphic file (type jpg)
<use UA.jpg>
Package pdftex.def Info: UA.jpg  used on input line 2095.
(pdftex.def)             Requested size: 9.02876pt x 9.02876pt.
 [39]
<./Images//43.png, id=225, 811.03pt x 436.63126pt>
File: ./Images//43.png Graphic file (type png)
<use ./Images//43.png>
Package pdftex.def Info: ./Images//43.png  used on input line 2145.
(pdftex.def)             Requested size: 324.40625pt x 174.6494pt.
File: UA.jpg Graphic file (type jpg)
<use UA.jpg>
Package pdftex.def Info: UA.jpg  used on input line 2149.
(pdftex.def)             Requested size: 9.02876pt x 9.02876pt.
 [40 <./Images//43.png>]
File: UA.jpg Graphic file (type jpg)
<use UA.jpg>
Package pdftex.def Info: UA.jpg  used on input line 2202.
(pdftex.def)             Requested size: 9.02876pt x 9.02876pt.
 [41]
<./Images//44.png, id=233, 832.10875pt x 383.4325pt>
File: ./Images//44.png Graphic file (type png)
<use ./Images//44.png>
Package pdftex.def Info: ./Images//44.png  used on input line 2207.
(pdftex.def)             Requested size: 332.8376pt x 153.37029pt.
<./Images//45.png, id=234, 832.10875pt x 387.4475pt>
File: ./Images//45.png Graphic file (type png)
<use ./Images//45.png>
Package pdftex.def Info: ./Images//45.png  used on input line 2214.
(pdftex.def)             Requested size: 332.8376pt x 154.97624pt.
File: UA.jpg Graphic file (type jpg)
<use UA.jpg>
Package pdftex.def Info: UA.jpg  used on input line 2234.
(pdftex.def)             Requested size: 9.02876pt x 9.02876pt.
 [42 <./Images//44.png> <./Images//45.png>]
<./Images//46.png, id=241, 906.38625pt x 387.4475pt>
File: ./Images//46.png Graphic file (type png)
<use ./Images//46.png>
Package pdftex.def Info: ./Images//46.png  used on input line 2310.
(pdftex.def)             Requested size: 271.91797pt x 116.23514pt.
File: UA.jpg Graphic file (type jpg)
<use UA.jpg>
Package pdftex.def Info: UA.jpg  used on input line 2311.
(pdftex.def)             Requested size: 9.02876pt x 9.02876pt.
 [43]
<./Images//47.png, id=245, 893.3375pt x 312.16624pt>
File: ./Images//47.png Graphic file (type png)
<use ./Images//47.png>
Package pdftex.def Info: ./Images//47.png  used on input line 2330.
(pdftex.def)             Requested size: 268.00331pt x 93.65059pt.
File: UA.jpg Graphic file (type jpg)
<use UA.jpg>
Package pdftex.def Info: UA.jpg  used on input line 2348.
(pdftex.def)             Requested size: 9.02876pt x 9.02876pt.
 [44 <./Images//46.png> <./Images//47.png>]
<./Images//48.png, id=251, 799.98875pt x 445.665pt>
File: ./Images//48.png Graphic file (type png)
<use ./Images//48.png>
Package pdftex.def Info: ./Images//48.png  used on input line 2409.
(pdftex.def)             Requested size: 239.99847pt x 133.70053pt.
File: UA.jpg Graphic file (type jpg)
<use UA.jpg>
Package pdftex.def Info: UA.jpg  used on input line 2412.
(pdftex.def)             Requested size: 9.02876pt x 9.02876pt.
 [45 <./Images//48.png>]
<./Images//49.png, id=256, 838.13126pt x 610.28pt>
File: ./Images//49.png Graphic file (type png)
<use ./Images//49.png>
Package pdftex.def Info: ./Images//49.png  used on input line 2433.
(pdftex.def)             Requested size: 293.35033pt x 213.6012pt.
<./Images//50.png, id=257, 857.2025pt x 355.3275pt>
File: ./Images//50.png Graphic file (type png)
<use ./Images//50.png>
Package pdftex.def Info: ./Images//50.png  used on input line 2445.
(pdftex.def)             Requested size: 342.87492pt x 142.12846pt.
File: UA.jpg Graphic file (type jpg)
<use UA.jpg>
Package pdftex.def Info: UA.jpg  used on input line 2449.
(pdftex.def)             Requested size: 9.02876pt x 9.02876pt.
 [46 <./Images//49.png> <./Images//50.png>]
<./Images//51.png, id=263, 547.04375pt x 288.07625pt>
File: ./Images//51.png Graphic file (type png)
<use ./Images//51.png>
Package pdftex.def Info: ./Images//51.png  used on input line 2485.
(pdftex.def)             Requested size: 218.81361pt x 115.22844pt.
File: UA.jpg Graphic file (type jpg)
<use UA.jpg>
Package pdftex.def Info: UA.jpg  used on input line 2504.
(pdftex.def)             Requested size: 9.02876pt x 9.02876pt.
 [47 <./Images//51.png>]
<./Images//52.png, id=268, 480.79625pt x 154.5775pt>
File: ./Images//52.png Graphic file (type png)
<use ./Images//52.png>
Package pdftex.def Info: ./Images//52.png  used on input line 2525.
(pdftex.def)             Requested size: 192.31508pt x 61.8299pt.
<./Images//53.png, id=269, 519.9425pt x 154.5775pt>
File: ./Images//53.png Graphic file (type png)
<use ./Images//53.png>
Package pdftex.def Info: ./Images//53.png  used on input line 2546.
(pdftex.def)             Requested size: 207.97331pt x 61.8299pt.
<./Images//54.png, id=270, 519.9425pt x 154.5775pt>
File: ./Images//54.png Graphic file (type png)
<use ./Images//54.png>
Package pdftex.def Info: ./Images//54.png  used on input line 2556.
(pdftex.def)             Requested size: 207.97331pt x 61.8299pt.
File: UA.jpg Graphic file (type jpg)
<use UA.jpg>
Package pdftex.def Info: UA.jpg  used on input line 2573.
(pdftex.def)             Requested size: 9.02876pt x 9.02876pt.
 [48 <./Images//52.png> <./Images//53.png> <./Images//54.png>]
<./Images//55.png, id=278, 516.93124pt x 297.11pt>
File: ./Images//55.png Graphic file (type png)
<use ./Images//55.png>
Package pdftex.def Info: ./Images//55.png  used on input line 2628.
(pdftex.def)             Requested size: 206.76883pt x 118.84189pt.
<./Images//56.png, id=279, 539.01375pt x 380.42125pt>
File: ./Images//56.png Graphic file (type png)
<use ./Images//56.png>
Package pdftex.def Info: ./Images//56.png  used on input line 2632.
(pdftex.def)             Requested size: 215.60167pt x 152.16579pt.
File: UA.jpg Graphic file (type jpg)
<use UA.jpg>
Package pdftex.def Info: UA.jpg  used on input line 2633.
(pdftex.def)             Requested size: 9.02876pt x 9.02876pt.
 [49 <./Images//55.png>]
<./Images//57.png, id=285, 567.11874pt x 982.67125pt>
File: ./Images//57.png Graphic file (type png)
<use ./Images//57.png>
Package pdftex.def Info: ./Images//57.png  used on input line 2636.
(pdftex.def)             Requested size: 226.84348pt x 393.06154pt.
File: UA.jpg Graphic file (type jpg)
<use UA.jpg>
Package pdftex.def Info: UA.jpg  used on input line 2640.
(pdftex.def)             Requested size: 9.02876pt x 9.02876pt.
 [50 <./Images//56.png> <./Images//57.png>]
<./Images//58.png, id=291, 530.98375pt x 367.3725pt>
File: ./Images//58.png Graphic file (type png)
<use ./Images//58.png>
Package pdftex.def Info: ./Images//58.png  used on input line 2666.
(pdftex.def)             Requested size: 212.38972pt x 146.94638pt.
File: UA.jpg Graphic file (type jpg)
<use UA.jpg>
Package pdftex.def Info: UA.jpg  used on input line 2704.
(pdftex.def)             Requested size: 9.02876pt x 9.02876pt.
 [51 <./Images//58.png>]
<./Images//59.png, id=296, 504.88625pt x 336.25626pt>
File: ./Images//59.png Graphic file (type png)
<use ./Images//59.png>
Package pdftex.def Info: ./Images//59.png  used on input line 2776.
(pdftex.def)             Requested size: 176.71283pt x 117.69145pt.
<./Images//60.png, id=297, 504.88625pt x 369.38pt>
File: ./Images//60.png Graphic file (type png)
<use ./Images//60.png>
Package pdftex.def Info: ./Images//60.png  used on input line 2777.
(pdftex.def)             Requested size: 176.71283pt x 129.28493pt.
File: UA.jpg Graphic file (type jpg)
<use UA.jpg>
Package pdftex.def Info: UA.jpg  used on input line 2781.
(pdftex.def)             Requested size: 9.02876pt x 9.02876pt.
 [52 <./Images//59.png> <./Images//60.png>]
<./Images//61.png, id=303, 397.485pt x 364.36125pt>
File: ./Images//61.png Graphic file (type png)
<use ./Images//61.png>
Package pdftex.def Info: ./Images//61.png  used on input line 2783.
(pdftex.def)             Requested size: 139.12183pt x 127.52834pt.
<./Images//62.png, id=304, 497.86pt x 364.36125pt>
File: ./Images//62.png Graphic file (type png)
<use ./Images//62.png>
Package pdftex.def Info: ./Images//62.png  used on input line 2784.
(pdftex.def)             Requested size: 174.2536pt x 127.52834pt.
<./Images//63.png, id=305, 478.78876pt x 369.38pt>
File: ./Images//63.png Graphic file (type png)
<use ./Images//63.png>
Package pdftex.def Info: ./Images//63.png  used on input line 2788.
(pdftex.def)             Requested size: 167.57857pt x 129.28493pt.
<./Images//64.png, id=306, 453.695pt x 313.17pt>
File: ./Images//64.png Graphic file (type png)
<use ./Images//64.png>
Package pdftex.def Info: ./Images//64.png  used on input line 2789.
(pdftex.def)             Requested size: 158.79562pt x 109.61113pt.
<./Images//65.png, id=307, 437.635pt x 324.21124pt>
File: ./Images//65.png Graphic file (type png)
<use ./Images//65.png>
Package pdftex.def Info: ./Images//65.png  used on input line 2793.
(pdftex.def)             Requested size: 153.17455pt x 113.47563pt.
<./Images//66.png, id=308, 512.91624pt x 382.42876pt>
File: ./Images//66.png Graphic file (type png)
<use ./Images//66.png>
Package pdftex.def Info: ./Images//66.png  used on input line 2794.
(pdftex.def)             Requested size: 179.52338pt x 133.85207pt.
File: UA.jpg Graphic file (type jpg)
<use UA.jpg>
Package pdftex.def Info: UA.jpg  used on input line 2798.
(pdftex.def)             Requested size: 9.02876pt x 9.02876pt.
 [53 <./Images//61.png> <./Images//62.png> <./Images//63.png> <./Images//64.png> <./Images//65.png> <./Images//66.png>]
<./Images//67.png, id=318, 724.7075pt x 418.56375pt>
File: ./Images//67.png Graphic file (type png)
<use ./Images//67.png>
Package pdftex.def Info: ./Images//67.png  used on input line 2850.
(pdftex.def)             Requested size: 217.41393pt x 125.57008pt.
File: UA.jpg Graphic file (type jpg)
<use UA.jpg>
Package pdftex.def Info: UA.jpg  used on input line 2854.
(pdftex.def)             Requested size: 9.02876pt x 9.02876pt.
 [54 <./Images//67.png>]
<./Images//68.png, id=324, 724.7075pt x 418.56375pt>
File: ./Images//68.png Graphic file (type png)
<use ./Images//68.png>
Package pdftex.def Info: ./Images//68.png  used on input line 2858.
(pdftex.def)             Requested size: 217.41393pt x 125.57008pt.
<./Images//69.png, id=325, 771.88374pt x 355.3275pt>
File: ./Images//69.png Graphic file (type png)
<use ./Images//69.png>
Package pdftex.def Info: ./Images//69.png  used on input line 2882.
(pdftex.def)             Requested size: 231.56691pt x 106.59906pt.
File: UA.jpg Graphic file (type jpg)
<use UA.jpg>
Package pdftex.def Info: UA.jpg  used on input line 2913.
(pdftex.def)             Requested size: 9.02876pt x 9.02876pt.
 [55 <./Images//68.png> <./Images//69.png>]
<./Images//70.png, id=331, 556.0775pt x 62.2325pt>
File: ./Images//70.png Graphic file (type png)
<use ./Images//70.png>
Package pdftex.def Info: ./Images//70.png  used on input line 2926.
(pdftex.def)             Requested size: 166.82454pt x 18.66989pt.
File: UA.jpg Graphic file (type jpg)
<use UA.jpg>
Package pdftex.def Info: UA.jpg  used on input line 2984.
(pdftex.def)             Requested size: 9.02876pt x 9.02876pt.
 [56 <./Images//70.png>]
<./Images//71.png, id=336, 598.235pt x 452.69125pt>
File: ./Images//71.png Graphic file (type png)
<use ./Images//71.png>
Package pdftex.def Info: ./Images//71.png  used on input line 3001.
(pdftex.def)             Requested size: 179.47188pt x 135.80841pt.
<./Images//72.png, id=337, 750.805pt x 307.1475pt>
File: ./Images//72.png Graphic file (type png)
<use ./Images//72.png>
Package pdftex.def Info: ./Images//72.png  used on input line 3022.
(pdftex.def)             Requested size: 225.24323pt x 92.14496pt.
File: UA.jpg Graphic file (type jpg)
<use UA.jpg>
Package pdftex.def Info: UA.jpg  used on input line 3026.
(pdftex.def)             Requested size: 9.02876pt x 9.02876pt.
 [57 <./Images//71.png> <./Images//72.png>]
<./Images//73.png, id=343, 524.96124pt x 65.24374pt>
File: ./Images//73.png Graphic file (type png)
<use ./Images//73.png>
Package pdftex.def Info: ./Images//73.png  used on input line 3035.
(pdftex.def)             Requested size: 157.48958pt x 19.57326pt.
<./Images//74.png, id=344, 275.0275pt x 31.11626pt>
File: ./Images//74.png Graphic file (type png)
<use ./Images//74.png>
Package pdftex.def Info: ./Images//74.png  used on input line 3050.
(pdftex.def)             Requested size: 82.50888pt x 9.33493pt.
<./Images//75.png, id=345, 552.0625pt x 430.60875pt>
File: ./Images//75.png Graphic file (type png)
<use ./Images//75.png>
Package pdftex.def Info: ./Images//75.png  used on input line 3059.
(pdftex.def)             Requested size: 165.62003pt x 129.18361pt.
<./Images//76.png, id=346, 311.1625pt x 293.095pt>
File: ./Images//76.png Graphic file (type png)
<use ./Images//76.png>
Package pdftex.def Info: ./Images//76.png  used on input line 3076.
(pdftex.def)             Requested size: 93.34947pt x 87.92917pt.
File: UA.jpg Graphic file (type jpg)
<use UA.jpg>
Package pdftex.def Info: UA.jpg  used on input line 3080.
(pdftex.def)             Requested size: 9.02876pt x 9.02876pt.
 [58 <./Images//73.png> <./Images//74.png> <./Images//75.png> <./Images//76.png>]
<./Images//77.png, id=354, 645.41125pt x 468.75125pt>
File: ./Images//77.png Graphic file (type png)
<use ./Images//77.png>
Package pdftex.def Info: ./Images//77.png  used on input line 3084.
(pdftex.def)             Requested size: 193.62486pt x 140.62645pt.
<./Images//78.png, id=355, 563.10374pt x 279.0425pt>
File: ./Images//78.png Graphic file (type png)
<use ./Images//78.png>
Package pdftex.def Info: ./Images//78.png  used on input line 3100.
(pdftex.def)             Requested size: 168.93242pt x 83.7134pt.
<./Images//79.png, id=356, 750.805pt x 539.01375pt>
File: ./Images//79.png Graphic file (type png)
<use ./Images//79.png>
Package pdftex.def Info: ./Images//79.png  used on input line 3104.
(pdftex.def)             Requested size: 225.24323pt x 161.70537pt.
<./Images//80.png, id=357, 837.1275pt x 539.01375pt>
File: ./Images//80.png Graphic file (type png)
<use ./Images//80.png>
Package pdftex.def Info: ./Images//80.png  used on input line 3105.
(pdftex.def)             Requested size: 251.14018pt x 161.70537pt.
<./Images//81.png, id=358, 628.3475pt x 508.90125pt>
File: ./Images//81.png Graphic file (type png)
<use ./Images//81.png>
Package pdftex.def Info: ./Images//81.png  used on input line 3106.
(pdftex.def)             Requested size: 188.50569pt x 152.67155pt.
File: UA.jpg Graphic file (type jpg)
<use UA.jpg>
Package pdftex.def Info: UA.jpg  used on input line 3107.
(pdftex.def)             Requested size: 9.02876pt x 9.02876pt.
 [59 <./Images//77.png> <./Images//78.png> <./Images//79.png>]
<./Images//82.png, id=365, 293.095pt x 271.0125pt>
File: ./Images//82.png Graphic file (type png)
<use ./Images//82.png>
Package pdftex.def Info: ./Images//82.png  used on input line 3129.
(pdftex.def)             Requested size: 87.92917pt x 81.30437pt.
File: UA.jpg Graphic file (type jpg)
<use UA.jpg>
Package pdftex.def Info: UA.jpg  used on input line 3133.
(pdftex.def)             Requested size: 9.02876pt x 9.02876pt.
 [60 <./Images//80.png> <./Images//81.png> <./Images//82.png>]
<./Images//83.png, id=375, 438.63875pt x 314.17375pt>
File: ./Images//83.png Graphic file (type png)
<use ./Images//83.png>
Package pdftex.def Info: ./Images//83.png  used on input line 3154.
(pdftex.def)             Requested size: 131.59264pt x 94.25284pt.
<./Images//84.png, id=376, 851.18pt x 581.17125pt>
File: ./Images//84.png Graphic file (type png)
<use ./Images//84.png>
Package pdftex.def Info: ./Images//84.png  used on input line 3159.
(pdftex.def)             Requested size: 255.35596pt x 174.35272pt.
<./Images//85.png, id=377, 777.90625pt x 329.23pt>
File: ./Images//85.png Graphic file (type png)
<use ./Images//85.png>
Package pdftex.def Info: ./Images//85.png  used on input line 3169.
(pdftex.def)             Requested size: 233.37367pt x 98.76976pt.
File: UA.jpg Graphic file (type jpg)
<use UA.jpg>
Package pdftex.def Info: UA.jpg  used on input line 3174.
(pdftex.def)             Requested size: 9.02876pt x 9.02876pt.
 [61 <./Images//83.png> <./Images//84.png> <./Images//85.png>]
<./Images//86.png, id=385, 755.82375pt x 275.0275pt>
File: ./Images//86.png Graphic file (type png)
<use ./Images//86.png>
Package pdftex.def Info: ./Images//86.png  used on input line 3183.
(pdftex.def)             Requested size: 226.74887pt x 82.50888pt.
<./Images//87.png, id=386, 784.9325pt x 584.1825pt>
File: ./Images//87.png Graphic file (type png)
<use ./Images//87.png>
Package pdftex.def Info: ./Images//87.png  used on input line 3188.
(pdftex.def)             Requested size: 235.48155pt x 175.25609pt.
<./Images//88.png, id=387, 784.9325pt x 579.16376pt>
File: ./Images//88.png Graphic file (type png)
<use ./Images//88.png>
Package pdftex.def Info: ./Images//88.png  used on input line 3189.
(pdftex.def)             Requested size: 235.48155pt x 173.75046pt.
<./Images//89.png, id=388, 744.7825pt x 579.16376pt>
File: ./Images//89.png Graphic file (type png)
<use ./Images//89.png>
Package pdftex.def Info: ./Images//89.png  used on input line 3190.
(pdftex.def)             Requested size: 223.43648pt x 173.75046pt.
<./Images//90.png, id=389, 823.075pt x 589.20125pt>
File: ./Images//90.png Graphic file (type png)
<use ./Images//90.png>
Package pdftex.def Info: ./Images//90.png  used on input line 3191.
(pdftex.def)             Requested size: 246.9244pt x 176.76173pt.
<./Images//91.png, id=390, 726.715pt x 499.8675pt>
File: ./Images//91.png Graphic file (type png)
<use ./Images//91.png>
Package pdftex.def Info: ./Images//91.png  used on input line 3192.
(pdftex.def)             Requested size: 218.01617pt x 149.9614pt.
<./Images//92.png, id=391, 599.23875pt x 557.08125pt>
File: ./Images//92.png Graphic file (type png)
<use ./Images//92.png>
Package pdftex.def Info: ./Images//92.png  used on input line 3193.
(pdftex.def)             Requested size: 179.77301pt x 167.12566pt.
<./Images//93.png, id=392, 781.92125pt x 589.20125pt>
File: ./Images//93.png Graphic file (type png)
<use ./Images//93.png>
Package pdftex.def Info: ./Images//93.png  used on input line 3194.
(pdftex.def)             Requested size: 234.57819pt x 176.76173pt.
File: UA.jpg Graphic file (type jpg)
<use UA.jpg>
Package pdftex.def Info: UA.jpg  used on input line 3195.
(pdftex.def)             Requested size: 9.02876pt x 9.02876pt.
 [62 <./Images//86.png> <./Images//87.png> <./Images//88.png>]
File: UA.jpg Graphic file (type jpg)
<use UA.jpg>
Package pdftex.def Info: UA.jpg  used on input line 3195.
(pdftex.def)             Requested size: 9.02876pt x 9.02876pt.
 [63 <./Images//89.png> <./Images//90.png> <./Images//91.png> <./Images//92.png>]
<./Images//94.png, id=406, 453.695pt x 303.1325pt>
File: ./Images//94.png Graphic file (type png)
<use ./Images//94.png>
Package pdftex.def Info: ./Images//94.png  used on input line 3222.
(pdftex.def)             Requested size: 181.47478pt x 121.25084pt.
File: UA.jpg Graphic file (type jpg)
<use UA.jpg>
Package pdftex.def Info: UA.jpg  used on input line 3226.
(pdftex.def)             Requested size: 9.02876pt x 9.02876pt.
 [64 <./Images//93.png> <./Images//94.png>]
<./Images//95.png, id=412, 439.6425pt x 273.02pt>
File: ./Images//95.png Graphic file (type png)
<use ./Images//95.png>
Package pdftex.def Info: ./Images//95.png  used on input line 3230.
(pdftex.def)             Requested size: 175.85388pt x 109.20605pt.
<./Images//96.png, id=413, 195.73125pt x 145.54375pt>
File: ./Images//96.png Graphic file (type png)
<use ./Images//96.png>
Package pdftex.def Info: ./Images//96.png  used on input line 3242.
(pdftex.def)             Requested size: 78.2911pt x 58.21646pt.
File: UA.jpg Graphic file (type jpg)
<use UA.jpg>
Package pdftex.def Info: UA.jpg  used on input line 3279.
(pdftex.def)             Requested size: 9.02876pt x 9.02876pt.
 [65 <./Images//95.png> <./Images//96.png>]
<./Images//97.png, id=419, 502.87875pt x 218.8175pt>
File: ./Images//97.png Graphic file (type png)
<use ./Images//97.png>
Package pdftex.def Info: ./Images//97.png  used on input line 3288.
(pdftex.def)             Requested size: 201.14793pt x 87.52544pt.
<./Images//98.png, id=420, 532.99126pt x 253.94875pt>
File: ./Images//98.png Graphic file (type png)
<use ./Images//98.png>
Package pdftex.def Info: ./Images//98.png  used on input line 3317.
(pdftex.def)             Requested size: 213.19272pt x 101.5777pt.
<./Images//99.png, id=421, 532.99126pt x 364.36125pt>
File: ./Images//99.png Graphic file (type png)
<use ./Images//99.png>
Package pdftex.def Info: ./Images//99.png  used on input line 3321.
(pdftex.def)             Requested size: 213.19272pt x 145.74191pt.
File: UA.jpg Graphic file (type jpg)
<use UA.jpg>
Package pdftex.def Info: UA.jpg  used on input line 3323.
(pdftex.def)             Requested size: 9.02876pt x 9.02876pt.
 [66 <./Images//97.png> <./Images//98.png> <./Images//99.png>] (./Resumos.aux) ) 
Here is how much of TeX's memory you used:
 6190 strings out of 480247
 94651 string characters out of 5896150
 564917 words of memory out of 5000000
 24073 multiletter control sequences out of 15000+600000
 477563 words of font info for 61 fonts, out of 8000000 for 9000
 14 hyphenation exceptions out of 8191
 55i,15n,62p,266b,489s stack positions out of 5000i,500n,10000p,200000b,80000s
 </home/mendes/.texlive2021/texmf-var/fonts/pk/ljfour/jknappen/ec/tcrm1000.600pk></usr/share/texlive/texmf-dist/fonts/type1/public/amsfonts/cm/cmbx10.pfb></usr/share/texlive/texmf-dist/fonts/type1/public/amsfonts/cm/cmbx12.pfb></usr/share/texlive/texmf-dist/fonts/type1/public/amsfonts/cm/cmmi10.pfb></usr/share/texlive/texmf-dist/fonts/type1/public/amsfonts/cm/cmmi7.pfb></usr/share/texlive/texmf-dist/fonts/type1/public/amsfonts/cm/cmr10.pfb></usr/share/texlive/texmf-dist/fonts/type1/public/amsfonts/cm/cmr12.pfb></usr/share/texlive/texmf-dist/fonts/type1/public/amsfonts/cm/cmr17.pfb></usr/share/texlive/texmf-dist/fonts/type1/public/amsfonts/cm/cmr7.pfb></usr/share/texlive/texmf-dist/fonts/type1/public/amsfonts/cm/cmsy10.pfb></usr/share/texlive/texmf-dist/fonts/type1/public/amsfonts/cm/cmsy7.pfb>
Output written on Resumos.pdf (67 pages, 5389366 bytes).
PDF statistics:
 479 PDF objects out of 1000 (max. 8388607)
 185 compressed objects within 2 object streams
 0 named destinations out of 1000 (max. 500000)
 506 words of extra memory for PDF output out of 10000 (max. 10000000)

